<?xml version="1.0" encoding="UTF-8"?>
<testsuite xmlns:xsi="http://www.w3.org/2001/XMLSchema-instance" xsi:noNamespaceSchemaLocation="https://maven.apache.org/surefire/maven-surefire-plugin/xsd/surefire-test-report.xsd" name="com.bjsouth.flooring.service.FMServiceImplTest" time="0.886" tests="22" errors="3" skipped="0" failures="2">
  <properties>
    <property name="sun.desktop" value="windows"/>
    <property name="awt.toolkit" value="sun.awt.windows.WToolkit"/>
    <property name="java.specification.version" value="11"/>
    <property name="sun.cpu.isalist" value="pentium_pro+mmx pentium_pro pentium+mmx pentium i486 i386 i86"/>
    <property name="sun.jnu.encoding" value="Cp1252"/>
    <property name="java.class.path" value="C:\Users\Bree\Documents\java-lou-0819-BreannaSouthworth\Classwork\Flooring_OrderFileSystem\target\test-classes;C:\Users\Bree\Documents\java-lou-0819-BreannaSouthworth\Classwork\Flooring_OrderFileSystem\target\classes;C:\Users\Bree\.m2\repository\org\springframework\spring-context\4.3.4.RELEASE\spring-context-4.3.4.RELEASE.jar;C:\Users\Bree\.m2\repository\org\springframework\spring-aop\4.3.4.RELEASE\spring-aop-4.3.4.RELEASE.jar;C:\Users\Bree\.m2\repository\org\springframework\spring-beans\4.3.4.RELEASE\spring-beans-4.3.4.RELEASE.jar;C:\Users\Bree\.m2\repository\org\springframework\spring-core\4.3.4.RELEASE\spring-core-4.3.4.RELEASE.jar;C:\Users\Bree\.m2\repository\commons-logging\commons-logging\1.2\commons-logging-1.2.jar;C:\Users\Bree\.m2\repository\org\springframework\spring-expression\4.3.4.RELEASE\spring-expression-4.3.4.RELEASE.jar;C:\Users\Bree\.m2\repository\org\junit\jupiter\junit-jupiter-api\5.3.1\junit-jupiter-api-5.3.1.jar;C:\Users\Bree\.m2\repository\org\apiguardian\apiguardian-api\1.0.0\apiguardian-api-1.0.0.jar;C:\Users\Bree\.m2\repository\org\opentest4j\opentest4j\1.1.1\opentest4j-1.1.1.jar;C:\Users\Bree\.m2\repository\org\junit\platform\junit-platform-commons\1.3.1\junit-platform-commons-1.3.1.jar;C:\Users\Bree\.m2\repository\org\junit\jupiter\junit-jupiter-params\5.3.1\junit-jupiter-params-5.3.1.jar;C:\Users\Bree\.m2\repository\org\junit\jupiter\junit-jupiter-engine\5.3.1\junit-jupiter-engine-5.3.1.jar;C:\Users\Bree\.m2\repository\org\junit\platform\junit-platform-engine\1.3.1\junit-platform-engine-1.3.1.jar;"/>
    <property name="java.vm.vendor" value="AdoptOpenJDK"/>
    <property name="sun.arch.data.model" value="32"/>
    <property name="user.variant" value=""/>
    <property name="java.vendor.url" value="https://adoptopenjdk.net/"/>
    <property name="user.timezone" value="America/New_York"/>
    <property name="java.vm.specification.version" value="11"/>
    <property name="os.name" value="Windows 10"/>
    <property name="user.country" value="US"/>
    <property name="sun.java.launcher" value="SUN_STANDARD"/>
    <property name="sun.boot.library.path" value="C:\Program Files (x86)\AdoptOpenJDK\jdk-11.0.4.11-hotspot\bin"/>
    <property name="sun.java.command" value="C:\Users\Bree\AppData\Local\Temp\surefire5662048792631855611\surefirebooter7396257578242813016.jar C:\Users\Bree\AppData\Local\Temp\surefire5662048792631855611 2019-09-19T21-21-21_705-jvmRun1 surefire2431340231286659437tmp surefire_09213153715523010880tmp"/>
    <property name="jdk.debug" value="release"/>
    <property name="test" value="com.bjsouth.flooring.service.FMServiceImplTest"/>
    <property name="surefire.test.class.path" value="C:\Users\Bree\Documents\java-lou-0819-BreannaSouthworth\Classwork\Flooring_OrderFileSystem\target\test-classes;C:\Users\Bree\Documents\java-lou-0819-BreannaSouthworth\Classwork\Flooring_OrderFileSystem\target\classes;C:\Users\Bree\.m2\repository\org\springframework\spring-context\4.3.4.RELEASE\spring-context-4.3.4.RELEASE.jar;C:\Users\Bree\.m2\repository\org\springframework\spring-aop\4.3.4.RELEASE\spring-aop-4.3.4.RELEASE.jar;C:\Users\Bree\.m2\repository\org\springframework\spring-beans\4.3.4.RELEASE\spring-beans-4.3.4.RELEASE.jar;C:\Users\Bree\.m2\repository\org\springframework\spring-core\4.3.4.RELEASE\spring-core-4.3.4.RELEASE.jar;C:\Users\Bree\.m2\repository\commons-logging\commons-logging\1.2\commons-logging-1.2.jar;C:\Users\Bree\.m2\repository\org\springframework\spring-expression\4.3.4.RELEASE\spring-expression-4.3.4.RELEASE.jar;C:\Users\Bree\.m2\repository\org\junit\jupiter\junit-jupiter-api\5.3.1\junit-jupiter-api-5.3.1.jar;C:\Users\Bree\.m2\repository\org\apiguardian\apiguardian-api\1.0.0\apiguardian-api-1.0.0.jar;C:\Users\Bree\.m2\repository\org\opentest4j\opentest4j\1.1.1\opentest4j-1.1.1.jar;C:\Users\Bree\.m2\repository\org\junit\platform\junit-platform-commons\1.3.1\junit-platform-commons-1.3.1.jar;C:\Users\Bree\.m2\repository\org\junit\jupiter\junit-jupiter-params\5.3.1\junit-jupiter-params-5.3.1.jar;C:\Users\Bree\.m2\repository\org\junit\jupiter\junit-jupiter-engine\5.3.1\junit-jupiter-engine-5.3.1.jar;C:\Users\Bree\.m2\repository\org\junit\platform\junit-platform-engine\1.3.1\junit-platform-engine-1.3.1.jar;"/>
    <property name="sun.cpu.endian" value="little"/>
    <property name="user.home" value="C:\Users\Bree"/>
    <property name="user.language" value="en"/>
    <property name="java.specification.vendor" value="Oracle Corporation"/>
    <property name="java.version.date" value="2019-07-16"/>
    <property name="java.home" value="C:\Program Files (x86)\AdoptOpenJDK\jdk-11.0.4.11-hotspot"/>
    <property name="file.separator" value="\"/>
    <property name="basedir" value="C:\Users\Bree\Documents\java-lou-0819-BreannaSouthworth\Classwork\Flooring_OrderFileSystem"/>
    <property name="line.separator" value="&#10;"/>
    <property name="java.specification.name" value="Java Platform API Specification"/>
    <property name="java.vm.specification.vendor" value="Oracle Corporation"/>
    <property name="java.awt.graphicsenv" value="sun.awt.Win32GraphicsEnvironment"/>
    <property name="surefire.real.class.path" value="C:\Users\Bree\AppData\Local\Temp\surefire5662048792631855611\surefirebooter7396257578242813016.jar"/>
    <property name="user.script" value=""/>
    <property name="sun.management.compiler" value="HotSpot Client Compiler"/>
    <property name="java.runtime.version" value="11.0.4+11"/>
    <property name="user.name" value="Bree"/>
    <property name="path.separator" value=";"/>
    <property name="os.version" value="10.0"/>
    <property name="java.runtime.name" value="OpenJDK Runtime Environment"/>
    <property name="file.encoding" value="UTF-8"/>
    <property name="java.vm.name" value="OpenJDK Client VM"/>
    <property name="java.vendor.version" value="AdoptOpenJDK"/>
    <property name="maven.ext.class.path" value="C:\Program Files\NetBeans-11.1\netbeans\java\maven-nblib\netbeans-eventspy.jar;C:\Program Files\NetBeans-11.1\netbeans\java\maven-nblib\netbeans-eventspy.jar"/>
    <property name="localRepository" value="C:\Users\Bree\.m2\repository"/>
    <property name="java.vendor.url.bug" value="https://github.com/AdoptOpenJDK/openjdk-build/issues"/>
    <property name="java.io.tmpdir" value="C:\Users\Bree\AppData\Local\Temp\"/>
    <property name="java.version" value="11.0.4"/>
    <property name="user.dir" value="C:\Users\Bree\Documents\java-lou-0819-BreannaSouthworth\Classwork\Flooring_OrderFileSystem"/>
    <property name="os.arch" value="x86"/>
    <property name="java.vm.specification.name" value="Java Virtual Machine Specification"/>
    <property name="java.awt.printerjob" value="sun.awt.windows.WPrinterJob"/>
    <property name="sun.os.patch.level" value=""/>
    <property name="java.library.path" value="C:\Program Files (x86)\AdoptOpenJDK\jdk-11.0.4.11-hotspot\bin;C:\WINDOWS\Sun\Java\bin;C:\WINDOWS\system32;C:\WINDOWS;C:\Program Files (x86)\Common Files\Oracle\Java\javapath;C:\Program Files (x86)\AdoptOpenJDK\jdk-11.0.4.11-hotspot\bin;C:\ProgramData\Oracle\Java\javapath;C:\Program Files (x86)\Intel\iCLS Client\;C:\Program Files\Intel\iCLS Client\;C:\WINDOWS\system32;C:\WINDOWS;C:\WINDOWS\System32\Wbem;C:\WINDOWS\System32\WindowsPowerShell\v1.0\;C:\Program Files (x86)\Intel\Intel(R) Management Engine Components\DAL;C:\Program Files\Intel\Intel(R) Management Engine Components\DAL;C:\Program Files (x86)\Intel\Intel(R) Management Engine Components\IPT;C:\Program Files\Intel\Intel(R) Management Engine Components\IPT;C:\Program Files (x86)\Windows Live\Shared;C:\WINDOWS\System32\OpenSSH\;C:\Program Files\MySQL\MySQL Utilities 1.6\;C:\Program Files\MySQL\MySQL Shell 8.0\bin\;."/>
    <property name="java.vendor" value="AdoptOpenJDK"/>
    <property name="java.vm.info" value="mixed mode"/>
    <property name="java.vm.version" value="11.0.4+11"/>
    <property name="sun.io.unicode.encoding" value="UnicodeLittle"/>
    <property name="java.class.version" value="55.0"/>
  </properties>
  <testcase name="validateOverMinAreaTest" classname="com.bjsouth.flooring.service.FMServiceImplTest" time="0.022"/>
  <testcase name="getOrdersBy04082019Date" classname="com.bjsouth.flooring.service.FMServiceImplTest" time="0.016">
    <failure message="The order in this list should be order A ==&gt; expected: &lt;true&gt; but was: &lt;false&gt;" type="org.opentest4j.AssertionFailedError"><![CDATA[org.opentest4j.AssertionFailedError: The order in this list should be order A ==> expected: <true> but was: <false>
	at com.bjsouth.flooring.service.FMServiceImplTest.getOrdersBy04082019Date(FMServiceImplTest.java:52)
]]></failure>
    <system-err><![CDATA[Sep 19, 2019 9:21:24 PM org.springframework.context.support.ClassPathXmlApplicationContext prepareRefresh
INFO: Refreshing org.springframework.context.support.ClassPathXmlApplicationContext@a68f4f: startup date [Thu Sep 19 21:21:24 EDT 2019]; root of context hierarchy
Sep 19, 2019 9:21:24 PM org.springframework.beans.factory.xml.XmlBeanDefinitionReader loadBeanDefinitions
INFO: Loading XML bean definitions from class path resource [TestApplicationContext.xml]
]]></system-err>
  </testcase>
  <testcase name="validatePastDatePropertyTest" classname="com.bjsouth.flooring.service.FMServiceImplTest" time="0"/>
  <testcase name="validateCorrectStateATest" classname="com.bjsouth.flooring.service.FMServiceImplTest" time="0"/>
  <testcase name="validateCorrectStateBTest" classname="com.bjsouth.flooring.service.FMServiceImplTest" time="0"/>
  <testcase name="validateFakeDateTest" classname="com.bjsouth.flooring.service.FMServiceImplTest" time="0"/>
  <testcase name="validateCorrectProductsTest" classname="com.bjsouth.flooring.service.FMServiceImplTest" time="0"/>
  <testcase name="orderForDateNotFoundTest" classname="com.bjsouth.flooring.service.FMServiceImplTest" time="0"/>
  <testcase name="calculateOrderCTotalTest" classname="com.bjsouth.flooring.service.FMServiceImplTest" time="0">
    <error type="java.lang.NullPointerException">java.lang.NullPointerException
	at com.bjsouth.flooring.service.FMServiceImplTest.calculateOrderCTotalTest(FMServiceImplTest.java:124)
</error>
    <system-err><![CDATA[Sep 19, 2019 9:21:24 PM org.springframework.context.support.ClassPathXmlApplicationContext prepareRefresh
INFO: Refreshing org.springframework.context.support.ClassPathXmlApplicationContext@10dca52: startup date [Thu Sep 19 21:21:24 EDT 2019]; root of context hierarchy
Sep 19, 2019 9:21:24 PM org.springframework.beans.factory.xml.XmlBeanDefinitionReader loadBeanDefinitions
INFO: Loading XML bean definitions from class path resource [TestApplicationContext.xml]
]]></system-err>
  </testcase>
  <testcase name="validateCorrectCustomerNameTest" classname="com.bjsouth.flooring.service.FMServiceImplTest" time="0"/>
  <testcase name="validateIncorrectProductTest" classname="com.bjsouth.flooring.service.FMServiceImplTest" time="0"/>
  <testcase name="calculateOrderBTotalTest" classname="com.bjsouth.flooring.service.FMServiceImplTest" time="0">
    <error type="java.lang.NullPointerException">java.lang.NullPointerException
	at com.bjsouth.flooring.service.FMServiceImplTest.calculateOrderBTotalTest(FMServiceImplTest.java:98)
</error>
    <system-err><![CDATA[Sep 19, 2019 9:21:24 PM org.springframework.context.support.ClassPathXmlApplicationContext prepareRefresh
INFO: Refreshing org.springframework.context.support.ClassPathXmlApplicationContext@4c5de8: startup date [Thu Sep 19 21:21:24 EDT 2019]; root of context hierarchy
Sep 19, 2019 9:21:24 PM org.springframework.beans.factory.xml.XmlBeanDefinitionReader loadBeanDefinitions
INFO: Loading XML bean definitions from class path resource [TestApplicationContext.xml]
]]></system-err>
  </testcase>
  <testcase name="calculateOrderATotalTest" classname="com.bjsouth.flooring.service.FMServiceImplTest" time="0">
    <error type="java.lang.NullPointerException">java.lang.NullPointerException
	at com.bjsouth.flooring.service.FMServiceImplTest.calculateOrderATotalTest(FMServiceImplTest.java:72)
</error>
    <system-err><![CDATA[Sep 19, 2019 9:21:24 PM org.springframework.context.support.ClassPathXmlApplicationContext prepareRefresh
INFO: Refreshing org.springframework.context.support.ClassPathXmlApplicationContext@b19518: startup date [Thu Sep 19 21:21:24 EDT 2019]; root of context hierarchy
Sep 19, 2019 9:21:24 PM org.springframework.beans.factory.xml.XmlBeanDefinitionReader loadBeanDefinitions
INFO: Loading XML bean definitions from class path resource [TestApplicationContext.xml]
]]></system-err>
  </testcase>
  <testcase name="validatePresentDatePropertyTest" classname="com.bjsouth.flooring.service.FMServiceImplTest" time="0"/>
  <testcase name="validateRealDateTest" classname="com.bjsouth.flooring.service.FMServiceImplTest" time="0"/>
  <testcase name="validateUnderMinAreaTest" classname="com.bjsouth.flooring.service.FMServiceImplTest" time="0"/>
  <testcase name="validateIncorrectStateTest" classname="com.bjsouth.flooring.service.FMServiceImplTest" time="0"/>
  <testcase name="validateAtMinAreaTest" classname="com.bjsouth.flooring.service.FMServiceImplTest" time="0"/>
  <testcase name="getOrdersBy11192019Date" classname="com.bjsouth.flooring.service.FMServiceImplTest" time="0">
    <failure message="Order B should be in this list ==&gt; expected: &lt;true&gt; but was: &lt;false&gt;" type="org.opentest4j.AssertionFailedError"><![CDATA[org.opentest4j.AssertionFailedError: Order B should be in this list ==> expected: <true> but was: <false>
	at com.bjsouth.flooring.service.FMServiceImplTest.getOrdersBy11192019Date(FMServiceImplTest.java:64)
]]></failure>
    <system-err><![CDATA[Sep 19, 2019 9:21:25 PM org.springframework.context.support.ClassPathXmlApplicationContext prepareRefresh
INFO: Refreshing org.springframework.context.support.ClassPathXmlApplicationContext@1052337: startup date [Thu Sep 19 21:21:25 EDT 2019]; root of context hierarchy
Sep 19, 2019 9:21:25 PM org.springframework.beans.factory.xml.XmlBeanDefinitionReader loadBeanDefinitions
INFO: Loading XML bean definitions from class path resource [TestApplicationContext.xml]
]]></system-err>
  </testcase>
  <testcase name="validateFutureDatePropertyTest" classname="com.bjsouth.flooring.service.FMServiceImplTest" time="0"/>
  <testcase name="validateIncorrectCustomerNameTest" classname="com.bjsouth.flooring.service.FMServiceImplTest" time="0"/>
  <testcase name="getNextOrderNumberTest" classname="com.bjsouth.flooring.service.FMServiceImplTest" time="0"/>
</testsuite>